<?xml version="1.0" encoding="UTF-8"?>
<!-- Generated by org.testng.reporters.JUnitXMLReporter -->
<testsuite ignored="4" hostname="101635-LT" failures="0" tests="1" name="Default test" time="45.714" errors="0" timestamp="2024-07-06T22:00:16 IST">
  <testcase classname="org.sample.TestNG_01.Login" name="veryfyLoginWithInValidEmailAndValidPossword" time="5.038"/>
  <testcase classname="org.sample.TestNG_01.Login" name="veryfyLoginWithOutCredentials" time="0.0">
    <ignored/>
  </testcase> <!-- veryfyLoginWithOutCredentials -->
  <testcase classname="org.sample.TestNG_01.Login" name="veryfyLoginWithCredentials" time="0.0">
    <ignored/>
  </testcase> <!-- veryfyLoginWithCredentials -->
  <testcase classname="org.sample.TestNG_01.Login" name="veryfyLoginWithValidEmailAndInValidPossword" time="0.0">
    <ignored/>
  </testcase> <!-- veryfyLoginWithValidEmailAndInValidPossword -->
  <testcase classname="org.sample.TestNG_01.Login" name="veryfyLoginWithValidCredentials" time="0.0">
    <ignored/>
  </testcase> <!-- veryfyLoginWithValidCredentials -->
</testsuite> <!-- Default test -->
