<?xml version="1.0" encoding="UTF-8"?>
<!-- Generated by org.testng.reporters.JUnitXMLReporter -->
<testsuite ignored="0" hostname="101635-LT" failures="0" tests="5" name="Default test" time="76.231" errors="0" timestamp="2024-07-05T20:16:57 IST">
  <testcase classname="org.sample.TestNG_01.Login" name="veryfyLoginWithValidCredentials" time="1.348"/>
  <testcase classname="org.sample.TestNG_01.Login" name="veryfyLoginWithCredentials" time="0.871"/>
  <testcase classname="org.sample.TestNG_01.Login" name="veryfyLoginWithInValidEmailAndValidPossword" time="0.907"/>
  <testcase classname="org.sample.TestNG_01.Login" name="veryfyLoginWithValidEmailAndInValidPossword" time="0.763"/>
  <testcase classname="org.sample.TestNG_01.Login" name="veryfyLoginWithOutCredentials" time="1.345"/>
</testsuite> <!-- Default test -->
