<?xml version="1.0" encoding="UTF-8"?>
<!-- Generated by org.testng.reporters.JUnitXMLReporter -->
<testsuite ignored="0" hostname="101635-LT" failures="0" tests="3" name="Tutorial ninja TC" time="62.01" errors="0" timestamp="2024-07-13T00:28:01 IST">
  <testcase classname="org.sample.TestNG_01.Login" name="veryfyLoginWithValidCredentials" time="1.181"/>
  <testcase classname="org.sample.TestNG_01.Login" name="veryfyLoginWithValidCredentials" time="4.184"/>
  <testcase classname="org.sample.TestNG_01.Login" name="veryfyLoginWithValidCredentials" time="1.399"/>
</testsuite> <!-- Tutorial ninja TC -->
